<?xml version="1.0" encoding="UTF-8"?>
<testsuite name="DataAnalyzeTest" tests="1" skipped="0" failures="0" errors="0" timestamp="2020-03-26T07:08:40" hostname="7JK9OQ7LAHCDEMY" time="0.089">
  <properties/>
  <testcase name="test1()" classname="DataAnalyzeTest" time="0.089"/>
  <system-out><![CDATA[3nihao
]]></system-out>
  <system-err><![CDATA[]]></system-err>
</testsuite>
